<?xml version="1.0" encoding="UTF-8"?>
<testng-results ignored="0" total="2" passed="2" failed="0" skipped="0">
  <reporter-output>
  </reporter-output>
  <suite started-at="2022-10-27T15:57:25 IST" name="Digisales Android Suite" finished-at="2022-10-27T15:58:36 IST" duration-ms="70999">
    <groups>
    </groups>
    <test started-at="2022-10-27T15:57:25 IST" name="Homescreen" finished-at="2022-10-27T15:57:32 IST" duration-ms="6999">
      <class name="testcases.HomescreenTest">
        <test-method signature="homescreen()[pri:0, instance:testcases.HomescreenTest@2b91004a]" started-at="2022-10-27T15:57:25 IST" name="homescreen" finished-at="2022-10-27T15:57:32 IST" duration-ms="6952" status="PASS">
          <reporter-output>
          </reporter-output>
        </test-method> <!-- homescreen -->
      </class> <!-- testcases.HomescreenTest -->
    </test> <!-- Homescreen -->
    <test started-at="2022-10-27T15:57:32 IST" name="LocationScreen" finished-at="2022-10-27T15:58:36 IST" duration-ms="63918">
      <class name="testcases.CaptureLocationTest">
        <test-method is-config="true" signature="getAndroidDriver()[pri:0, instance:testcases.CaptureLocationTest@2ea41516]" started-at="2022-10-27T15:57:14 IST" name="getAndroidDriver" finished-at="2022-10-27T15:57:25 IST" duration-ms="11515" status="PASS">
          <reporter-output>
          </reporter-output>
        </test-method> <!-- getAndroidDriver -->
        <test-method signature="locationScreen()[pri:0, instance:testcases.CaptureLocationTest@2ea41516]" started-at="2022-10-27T15:57:32 IST" name="locationScreen" finished-at="2022-10-27T15:58:36 IST" duration-ms="63910" status="PASS">
          <reporter-output>
          </reporter-output>
        </test-method> <!-- locationScreen -->
        <test-method is-config="true" signature="tearDown()[pri:0, instance:testcases.CaptureLocationTest@2ea41516]" started-at="2022-10-27T15:58:36 IST" name="tearDown" finished-at="2022-10-27T15:58:37 IST" duration-ms="563" status="PASS">
          <reporter-output>
          </reporter-output>
        </test-method> <!-- tearDown -->
      </class> <!-- testcases.CaptureLocationTest -->
    </test> <!-- LocationScreen -->
  </suite> <!-- Digisales Android Suite -->
</testng-results>
